2025-05-17 23:16:18 - INFO - Skipping insertion: Xiaomi Redmi Note 14 Pro+ 5G 8GB/256GB is duplicated.
2025-05-17 23:16:18 - INFO - Skipping insertion: iPhone 16 Pro Max 256GB is duplicated.
2025-05-17 23:16:18 - INFO - Skipping insertion: iPhone 16 Pro 128GB is duplicated.
2025-05-17 23:16:18 - INFO - Skipping insertion: Samsung Galaxy A56 5G 12GB/256GB is duplicated.
2025-05-17 23:16:18 - INFO - Skipping insertion: Xiaomi Redmi Note 14 Pro 8GB/256GB is duplicated.
2025-05-17 23:16:18 - INFO - Skipping insertion: OPPO Find N5 5G 16GB/512GB is duplicated.
2025-05-17 23:16:18 - INFO - Skipping insertion: OPPO Reno13 5G 12GB/256GB is duplicated.
2025-05-17 23:16:18 - INFO - Skipping insertion: HONOR X8c 8GB/256GB is duplicated.
2025-05-17 23:16:18 - INFO - Skipping insertion: Tecno Spark 30 8GB/128GB is duplicated.
2025-05-17 23:16:18 - INFO - Skipping insertion: iPhone 16 Plus 128GB is duplicated.
2025-05-17 23:16:18 - INFO - Skipping insertion: iPhone 16 128GB is duplicated.
2025-05-17 23:16:18 - INFO - Skipping insertion: Samsung Galaxy A06 5G 6GB/128GB is duplicated.
2025-05-17 23:16:18 - INFO - Skipping insertion: Samsung Galaxy A36 5G 12GB/256GB is duplicated.
2025-05-17 23:16:18 - INFO - Skipping insertion: Xiaomi Redmi Note 14 Pro 5G 8GB/256GB is duplicated.
2025-05-17 23:16:18 - INFO - Skipping insertion: Xiaomi Redmi Note 14 Pro+ 5G 8GB/256GB is duplicated.
2025-05-17 23:16:18 - INFO - Skipping insertion: iPhone 16 Pro Max 256GB is duplicated.
2025-05-17 23:16:18 - INFO - Skipping insertion: iPhone 16 Pro 128GB is duplicated.
2025-05-17 23:16:18 - INFO - Skipping insertion: Samsung Galaxy A56 5G 12GB/256GB is duplicated.
2025-05-17 23:16:18 - INFO - Skipping insertion: Xiaomi Redmi Note 14 Pro 8GB/256GB is duplicated.
2025-05-17 23:16:18 - INFO - Skipping insertion: OPPO Find N5 5G 16GB/512GB is duplicated.
2025-05-17 23:16:18 - INFO - Skipping insertion: OPPO Reno13 5G 12GB/256GB is duplicated.
2025-05-17 23:16:18 - INFO - Skipping insertion: HONOR X8c 8GB/256GB is duplicated.
2025-05-17 23:16:18 - INFO - Skipping insertion: Tecno Spark 30 8GB/128GB is duplicated.
2025-05-17 23:16:18 - INFO - Skipping insertion: iPhone 16 Plus 128GB is duplicated.
2025-05-17 23:16:18 - INFO - Skipping insertion: iPhone 16 128GB is duplicated.
2025-05-17 23:16:18 - INFO - Skipping insertion: Samsung Galaxy A06 5G 6GB/128GB is duplicated.
2025-05-17 23:16:18 - INFO - Skipping insertion: Samsung Galaxy A36 5G 12GB/256GB is duplicated.
2025-05-17 23:16:18 - INFO - Skipping insertion: Xiaomi Redmi Note 14 Pro 5G 8GB/256GB is duplicated.
2025-05-17 23:16:24 - INFO - Skipping insertion: Xiaomi Redmi Note 14 Pro+ 5G 8GB/256GB is duplicated.
2025-05-17 23:16:24 - INFO - Skipping insertion: iPhone 16 Pro Max 256GB is duplicated.
2025-05-17 23:16:24 - INFO - Skipping insertion: iPhone 16 Pro 128GB is duplicated.
2025-05-17 23:16:24 - INFO - Skipping insertion: Samsung Galaxy A56 5G 12GB/256GB is duplicated.
2025-05-17 23:16:24 - INFO - Skipping insertion: Xiaomi Redmi Note 14 Pro 8GB/256GB is duplicated.
2025-05-17 23:16:24 - INFO - Skipping insertion: OPPO Find N5 5G 16GB/512GB is duplicated.
2025-05-17 23:16:24 - INFO - Skipping insertion: OPPO Reno13 5G 12GB/256GB is duplicated.
2025-05-17 23:16:24 - INFO - Skipping insertion: HONOR X8c 8GB/256GB is duplicated.
2025-05-17 23:16:24 - INFO - Skipping insertion: Tecno Spark 30 8GB/128GB is duplicated.
2025-05-17 23:16:24 - INFO - Skipping insertion: iPhone 16 Plus 128GB is duplicated.
2025-05-17 23:16:24 - INFO - Skipping insertion: iPhone 16 128GB is duplicated.
2025-05-17 23:16:24 - INFO - Skipping insertion: Samsung Galaxy A06 5G 6GB/128GB is duplicated.
2025-05-17 23:16:24 - INFO - Skipping insertion: Samsung Galaxy A36 5G 12GB/256GB is duplicated.
2025-05-17 23:16:24 - INFO - Skipping insertion: Xiaomi Redmi Note 14 Pro 5G 8GB/256GB is duplicated.
2025-05-17 23:16:24 - INFO - Skipping insertion: Xiaomi Redmi Note 14 Pro+ 5G 8GB/256GB is duplicated.
2025-05-17 23:16:24 - INFO - Skipping insertion: iPhone 16 Pro Max 256GB is duplicated.
2025-05-17 23:16:24 - INFO - Skipping insertion: iPhone 16 Pro 128GB is duplicated.
2025-05-17 23:16:24 - INFO - Skipping insertion: Samsung Galaxy A56 5G 12GB/256GB is duplicated.
2025-05-17 23:16:24 - INFO - Skipping insertion: Xiaomi Redmi Note 14 Pro 8GB/256GB is duplicated.
2025-05-17 23:16:24 - INFO - Skipping insertion: OPPO Find N5 5G 16GB/512GB is duplicated.
2025-05-17 23:16:24 - INFO - Skipping insertion: OPPO Reno13 5G 12GB/256GB is duplicated.
2025-05-17 23:16:24 - INFO - Skipping insertion: HONOR X8c 8GB/256GB is duplicated.
2025-05-17 23:16:24 - INFO - Skipping insertion: Tecno Spark 30 8GB/128GB is duplicated.
2025-05-17 23:16:24 - INFO - Skipping insertion: iPhone 16 Plus 128GB is duplicated.
2025-05-17 23:16:24 - INFO - Skipping insertion: iPhone 16 128GB is duplicated.
2025-05-17 23:16:24 - INFO - Skipping insertion: Samsung Galaxy A06 5G 6GB/128GB is duplicated.
2025-05-17 23:16:24 - INFO - Skipping insertion: Samsung Galaxy A36 5G 12GB/256GB is duplicated.
2025-05-17 23:16:24 - INFO - Skipping insertion: Xiaomi Redmi Note 14 Pro 5G 8GB/256GB is duplicated.
